C:\Users\Tag\Google Drive\Projects\TGAEngine\VS2010\.\TGAEngine.lib
C:\USERS\TAG\GOOGLE DRIVE\PROJECTS\TGAENGINE\VS2010\OBJ\DEBUG\ANIMATION.OBJ
C:\USERS\TAG\GOOGLE DRIVE\PROJECTS\TGAENGINE\VS2010\OBJ\DEBUG\ANIMATIONMANAGER.OBJ
C:\Users\Tag\Google Drive\Projects\TGAEngine\VS2010\obj\Debug\AnimationManager[Conflict].obj
C:\USERS\TAG\GOOGLE DRIVE\PROJECTS\TGAENGINE\VS2010\OBJ\DEBUG\BOUNDINGBOX.OBJ
C:\USERS\TAG\GOOGLE DRIVE\PROJECTS\TGAENGINE\VS2010\OBJ\DEBUG\CAMERA.OBJ
C:\Users\Tag\Google Drive\Projects\TGAEngine\VS2010\obj\Debug\cl.command.1.tlog
C:\Users\Tag\Google Drive\Projects\TGAEngine\VS2010\obj\Debug\CL.read.1.tlog
C:\Users\Tag\Google Drive\Projects\TGAEngine\VS2010\obj\Debug\CL.write.1.tlog
C:\USERS\TAG\GOOGLE DRIVE\PROJECTS\TGAENGINE\VS2010\OBJ\DEBUG\COLLIDABLE.OBJ
C:\USERS\TAG\GOOGLE DRIVE\PROJECTS\TGAENGINE\VS2010\OBJ\DEBUG\COLLISION.OBJ
C:\USERS\TAG\GOOGLE DRIVE\PROJECTS\TGAENGINE\VS2010\OBJ\DEBUG\ENGINE.OBJ
C:\Users\Tag\Google Drive\Projects\TGAEngine\VS2010\obj\Debug\Engine[Conflict].obj
C:\USERS\TAG\GOOGLE DRIVE\PROJECTS\TGAENGINE\VS2010\OBJ\DEBUG\GRAPHICSMANAGER.OBJ
C:\USERS\TAG\GOOGLE DRIVE\PROJECTS\TGAENGINE\VS2010\OBJ\DEBUG\INPUTMANAGER.OBJ
C:\Users\Tag\Google Drive\Projects\TGAEngine\VS2010\obj\Debug\lib.command.1.tlog
C:\Users\Tag\Google Drive\Projects\TGAEngine\VS2010\obj\Debug\Lib-link.read.1.tlog
C:\Users\Tag\Google Drive\Projects\TGAEngine\VS2010\obj\Debug\Lib-link.write.1.tlog
C:\USERS\TAG\GOOGLE DRIVE\PROJECTS\TGAENGINE\VS2010\OBJ\DEBUG\TEXTURE.OBJ
C:\Users\Tag\Google Drive\Projects\TGAEngine\VS2010\obj\Debug\Texture[Conflict].obj
C:\USERS\TAG\GOOGLE DRIVE\PROJECTS\TGAENGINE\VS2010\OBJ\DEBUG\TEXTUREMANAGER.OBJ
C:\Users\Tag\Google Drive\Projects\TGAEngine\VS2010\obj\Debug\TGAEngine.vcxprojResolveAssemblyReference.cache
C:\Users\Tag\Google Drive\Projects\TGAEngine\VS2010\obj\Debug\TGAEngine.write.1.tlog
C:\USERS\TAG\GOOGLE DRIVE\PROJECTS\TGAENGINE\VS2010\OBJ\DEBUG\VC100.PDB
C:\USERS\TAG\GOOGLE DRIVE\PROJECTS\TGAENGINE\VS2010\OBJ\DEBUG\VECTOR2D.OBJ
C:\USERS\TAG\GOOGLE DRIVE\PROJECTS\TGAENGINE\VS2010\TGAENGINE.LIB
